<?xml version="1.0" encoding="UTF-8"?>
<testng-results skipped="0" failed="0" total="1" passed="1">
  <reporter-output>
  </reporter-output>
  <suite name="Command line suite" duration-ms="0" started-at="2017-09-22T01:08:44Z" finished-at="2017-09-22T01:08:44Z">
    <groups>
    </groups>
    <test name="Command line test" duration-ms="0" started-at="2017-09-22T01:08:44Z" finished-at="2017-09-22T01:08:44Z">
      <class name="Auto.AppTest">
        <test-method status="PASS" signature="testApp()[pri:0, instance:testApp(Auto.AppTest)]" name="testApp" duration-ms="0" started-at="2017-09-21T18:08:44Z" finished-at="2017-09-21T18:08:44Z">
          <reporter-output>
          </reporter-output>
        </test-method> <!-- testApp -->
      </class> <!-- Auto.AppTest -->
    </test> <!-- Command line test -->
  </suite> <!-- Command line suite -->
</testng-results>
