<?xml version="1.0" encoding="UTF-8"?>
<!-- Generated by org.testng.reporters.JUnitXMLReporter -->
<testsuite hostname="DESKTOP-8GFOO9F" name="Command line test" tests="12" failures="0" timestamp="22 Sep 2017 01:08:44 GMT" time="0.032" errors="0">
  <testcase name="UserId" time="0.002" classname="com.junit.scholar3.ParametersTest"/>
  <testcase name="UserId" time="0.0" classname="com.junit.scholar3.ParametersTest"/>
  <testcase name="testgroup1" time="0.0" classname="com.junit.scholar2.TestingAnotherTestNG"/>
  <testcase name="testgroup2" time="0.0" classname="com.junit.scholar2.TestingAnotherTestNG"/>
  <testcase name="testgroup1" time="0.0" classname="com.junit.scholar3.TestingAnotherTestNG"/>
  <testcase name="testgroup2" time="0.001" classname="com.junit.scholar3.TestingAnotherTestNG"/>
  <testcase name="RankTestResearch" time="0.001" classname="com.junit.scholar2.TestingTestNG"/>
  <testcase name="RankTestResearch1" time="0.007" classname="com.junit.scholar2.TestingTestNG"/>
  <testcase name="RankTestResearch" time="0.0" classname="com.junit.scholar3.TestingTestNG"/>
  <testcase name="RankTestResearch1" time="0.001" classname="com.junit.scholar3.TestingTestNG"/>
  <testcase name="RankTestResearch3" time="0.0" classname="com.junit.scholar2.TestingTestNG"/>
  <testcase name="RankTestResearch3" time="0.001" classname="com.junit.scholar3.TestingTestNG"/>
</testsuite> <!-- Command line test -->
