<?xml version="1.0" encoding="UTF-8"?>
<testng-results skipped="0" failed="0" total="12" passed="12">
  <reporter-output>
  </reporter-output>
  <suite name="Command line suite" duration-ms="32" started-at="2017-09-22T01:08:44Z" finished-at="2017-09-22T01:08:44Z">
    <groups>
      <group name="priority2">
        <method signature="TestingAnotherTestNG.testgroup2()[pri:0, instance:com.junit.scholar2.TestingAnotherTestNG@7a0ac6e3]" name="testgroup2" class="com.junit.scholar2.TestingAnotherTestNG"/>
        <method signature="TestingAnotherTestNG.testgroup2()[pri:0, instance:com.junit.scholar3.TestingAnotherTestNG@59a6e353]" name="testgroup2" class="com.junit.scholar3.TestingAnotherTestNG"/>
      </group> <!-- priority2 -->
      <group name="priority1">
        <method signature="TestingAnotherTestNG.testgroup1()[pri:0, instance:com.junit.scholar2.TestingAnotherTestNG@7a0ac6e3]" name="testgroup1" class="com.junit.scholar2.TestingAnotherTestNG"/>
        <method signature="TestingAnotherTestNG.testgroup1()[pri:0, instance:com.junit.scholar3.TestingAnotherTestNG@59a6e353]" name="testgroup1" class="com.junit.scholar3.TestingAnotherTestNG"/>
      </group> <!-- priority1 -->
    </groups>
    <test name="Command line test" duration-ms="32" started-at="2017-09-22T01:08:44Z" finished-at="2017-09-22T01:08:44Z">
      <class name="com.junit.scholar3.TestingAnotherTestNG">
        <test-method status="PASS" signature="testgroup1()[pri:0, instance:com.junit.scholar3.TestingAnotherTestNG@59a6e353]" name="testgroup1" duration-ms="0" started-at="2017-09-21T18:08:44Z" finished-at="2017-09-21T18:08:44Z">
          <reporter-output>
          </reporter-output>
        </test-method> <!-- testgroup1 -->
        <test-method status="PASS" signature="testgroup2()[pri:0, instance:com.junit.scholar3.TestingAnotherTestNG@59a6e353]" name="testgroup2" duration-ms="1" started-at="2017-09-21T18:08:44Z" finished-at="2017-09-21T18:08:44Z">
          <reporter-output>
          </reporter-output>
        </test-method> <!-- testgroup2 -->
      </class> <!-- com.junit.scholar3.TestingAnotherTestNG -->
      <class name="com.junit.scholar2.TestingTestNG">
        <test-method status="PASS" signature="RankTestResearch7()[pri:0, instance:com.junit.scholar3.TestingTestNG@71be98f5]" name="RankTestResearch7" is-config="true" duration-ms="0" started-at="2017-09-21T18:08:44Z" finished-at="2017-09-21T18:08:44Z">
          <reporter-output>
          </reporter-output>
        </test-method> <!-- RankTestResearch7 -->
        <test-method status="PASS" signature="RankTestResearch5()[pri:0, instance:com.junit.scholar3.TestingTestNG@71be98f5]" name="RankTestResearch5" is-config="true" duration-ms="0" started-at="2017-09-21T18:08:44Z" finished-at="2017-09-21T18:08:44Z">
          <reporter-output>
          </reporter-output>
        </test-method> <!-- RankTestResearch5 -->
        <test-method status="PASS" signature="RankTestResearch5()[pri:0, instance:com.junit.scholar2.TestingTestNG@3b6eb2ec]" name="RankTestResearch5" is-config="true" duration-ms="0" started-at="2017-09-21T18:08:44Z" finished-at="2017-09-21T18:08:44Z">
          <reporter-output>
          </reporter-output>
        </test-method> <!-- RankTestResearch5 -->
        <test-method status="PASS" signature="RankTestResearch7()[pri:0, instance:com.junit.scholar2.TestingTestNG@3b6eb2ec]" name="RankTestResearch7" is-config="true" duration-ms="0" started-at="2017-09-21T18:08:44Z" finished-at="2017-09-21T18:08:44Z">
          <reporter-output>
          </reporter-output>
        </test-method> <!-- RankTestResearch7 -->
        <test-method status="PASS" signature="RankTestResearch()[pri:0, instance:com.junit.scholar2.TestingTestNG@3b6eb2ec]" name="RankTestResearch" duration-ms="1" started-at="2017-09-21T18:08:44Z" finished-at="2017-09-21T18:08:44Z">
          <reporter-output>
          </reporter-output>
        </test-method> <!-- RankTestResearch -->
        <test-method status="PASS" signature="RankTestResearch1()[pri:0, instance:com.junit.scholar2.TestingTestNG@3b6eb2ec]" name="RankTestResearch1" duration-ms="7" started-at="2017-09-21T18:08:44Z" finished-at="2017-09-21T18:08:44Z">
          <reporter-output>
          </reporter-output>
        </test-method> <!-- RankTestResearch1 -->
        <test-method status="PASS" signature="RankTestResearch3()[pri:0, instance:com.junit.scholar2.TestingTestNG@3b6eb2ec]" name="RankTestResearch3" duration-ms="0" started-at="2017-09-21T18:08:44Z" depends-on-methods="com.junit.scholar2.TestingTestNG.RankTestResearch" finished-at="2017-09-21T18:08:44Z">
          <reporter-output>
          </reporter-output>
        </test-method> <!-- RankTestResearch3 -->
        <test-method status="PASS" signature="RankTestResearch6()[pri:0, instance:com.junit.scholar2.TestingTestNG@3b6eb2ec]" name="RankTestResearch6" is-config="true" duration-ms="0" started-at="2017-09-21T18:08:44Z" finished-at="2017-09-21T18:08:44Z">
          <reporter-output>
          </reporter-output>
        </test-method> <!-- RankTestResearch6 -->
        <test-method status="PASS" signature="RankTestResearch6()[pri:0, instance:com.junit.scholar3.TestingTestNG@71be98f5]" name="RankTestResearch6" is-config="true" duration-ms="0" started-at="2017-09-21T18:08:44Z" finished-at="2017-09-21T18:08:44Z">
          <reporter-output>
          </reporter-output>
        </test-method> <!-- RankTestResearch6 -->
        <test-method status="PASS" signature="RankTestResearch8()[pri:0, instance:com.junit.scholar2.TestingTestNG@3b6eb2ec]" name="RankTestResearch8" is-config="true" duration-ms="0" started-at="2017-09-21T18:08:44Z" finished-at="2017-09-21T18:08:44Z">
          <reporter-output>
          </reporter-output>
        </test-method> <!-- RankTestResearch8 -->
        <test-method status="PASS" signature="RankTestResearch8()[pri:0, instance:com.junit.scholar3.TestingTestNG@71be98f5]" name="RankTestResearch8" is-config="true" duration-ms="0" started-at="2017-09-21T18:08:44Z" finished-at="2017-09-21T18:08:44Z">
          <reporter-output>
          </reporter-output>
        </test-method> <!-- RankTestResearch8 -->
      </class> <!-- com.junit.scholar2.TestingTestNG -->
      <class name="com.junit.scholar3.ParametersTest">
        <test-method status="PASS" signature="UserId(java.lang.String, java.lang.String)[pri:0, instance:com.junit.scholar3.ParametersTest@3d24753a]" name="UserId" duration-ms="2" started-at="2017-09-21T18:08:44Z" data-provider="getData" finished-at="2017-09-21T18:08:44Z">
          <params>
            <param index="0">
              <value>
                <![CDATA[Bairon]]>
              </value>
            </param>
            <param index="1">
              <value>
                <![CDATA[Computer Science]]>
              </value>
            </param>
          </params>
          <reporter-output>
          </reporter-output>
        </test-method> <!-- UserId -->
        <test-method status="PASS" signature="UserId(java.lang.String, java.lang.String)[pri:0, instance:com.junit.scholar3.ParametersTest@3d24753a]" name="UserId" duration-ms="0" started-at="2017-09-21T18:08:44Z" data-provider="getData" finished-at="2017-09-21T18:08:44Z">
          <params>
            <param index="0">
              <value>
                <![CDATA[Mark]]>
              </value>
            </param>
            <param index="1">
              <value>
                <![CDATA[Math]]>
              </value>
            </param>
          </params>
          <reporter-output>
          </reporter-output>
        </test-method> <!-- UserId -->
      </class> <!-- com.junit.scholar3.ParametersTest -->
      <class name="com.junit.scholar3.TestingTestNG">
        <test-method status="PASS" signature="RankTestResearch()[pri:0, instance:com.junit.scholar3.TestingTestNG@71be98f5]" name="RankTestResearch" duration-ms="0" started-at="2017-09-21T18:08:44Z" finished-at="2017-09-21T18:08:44Z">
          <reporter-output>
          </reporter-output>
        </test-method> <!-- RankTestResearch -->
        <test-method status="PASS" signature="RankTestResearch1()[pri:0, instance:com.junit.scholar3.TestingTestNG@71be98f5]" name="RankTestResearch1" duration-ms="1" started-at="2017-09-21T18:08:44Z" finished-at="2017-09-21T18:08:44Z">
          <reporter-output>
          </reporter-output>
        </test-method> <!-- RankTestResearch1 -->
        <test-method status="PASS" signature="RankTestResearch3()[pri:0, instance:com.junit.scholar3.TestingTestNG@71be98f5]" name="RankTestResearch3" duration-ms="1" started-at="2017-09-21T18:08:44Z" depends-on-methods="com.junit.scholar3.TestingTestNG.RankTestResearch" finished-at="2017-09-21T18:08:44Z">
          <reporter-output>
          </reporter-output>
        </test-method> <!-- RankTestResearch3 -->
      </class> <!-- com.junit.scholar3.TestingTestNG -->
      <class name="com.junit.scholar2.TestingAnotherTestNG">
        <test-method status="PASS" signature="testgroup2()[pri:0, instance:com.junit.scholar2.TestingAnotherTestNG@7a0ac6e3]" name="testgroup2" duration-ms="0" started-at="2017-09-21T18:08:44Z" finished-at="2017-09-21T18:08:44Z">
          <reporter-output>
          </reporter-output>
        </test-method> <!-- testgroup2 -->
        <test-method status="PASS" signature="testgroup1()[pri:0, instance:com.junit.scholar2.TestingAnotherTestNG@7a0ac6e3]" name="testgroup1" duration-ms="0" started-at="2017-09-21T18:08:44Z" finished-at="2017-09-21T18:08:44Z">
          <reporter-output>
          </reporter-output>
        </test-method> <!-- testgroup1 -->
      </class> <!-- com.junit.scholar2.TestingAnotherTestNG -->
    </test> <!-- Command line test -->
  </suite> <!-- Command line suite -->
</testng-results>
